TN:
SF:src/controllers/auth.controller.ts
FN:29,(anonymous_8)
FN:29,(anonymous_9)
FN:74,(anonymous_10)
FN:74,(anonymous_11)
FN:101,(anonymous_12)
FN:101,(anonymous_13)
FN:182,(anonymous_14)
FN:182,(anonymous_15)
FN:265,(anonymous_16)
FN:265,(anonymous_17)
FN:316,(anonymous_18)
FN:316,(anonymous_19)
FN:356,(anonymous_20)
FN:356,(anonymous_21)
FNF:14
FNH:10
FNDA:2,(anonymous_8)
FNDA:2,(anonymous_9)
FNDA:3,(anonymous_10)
FNDA:3,(anonymous_11)
FNDA:0,(anonymous_12)
FNDA:0,(anonymous_13)
FNDA:3,(anonymous_14)
FNDA:3,(anonymous_15)
FNDA:3,(anonymous_16)
FNDA:3,(anonymous_17)
FNDA:4,(anonymous_18)
FNDA:4,(anonymous_19)
FNDA:0,(anonymous_20)
FNDA:0,(anonymous_21)
DA:6,1
DA:8,1
DA:9,1
DA:10,1
DA:11,1
DA:13,1
DA:14,1
DA:15,1
DA:16,1
DA:18,1
DA:19,1
DA:20,1
DA:29,2
DA:30,2
DA:35,2
DA:37,2
DA:38,2
DA:50,1
DA:51,1
DA:52,1
DA:54,1
DA:56,1
DA:57,1
DA:58,1
DA:59,1
DA:61,1
DA:63,2
DA:74,3
DA:75,3
DA:80,3
DA:82,3
DA:83,3
DA:84,3
DA:87,2
DA:91,2
DA:92,1
DA:93,1
DA:94,1
DA:95,1
DA:96,1
DA:99,1
DA:101,1
DA:102,0
DA:109,0
DA:118,0
DA:124,0
DA:132,0
DA:136,1
DA:143,1
DA:144,1
DA:146,1
DA:147,1
DA:148,1
DA:150,1
DA:156,1
DA:157,1
DA:158,1
DA:163,1
DA:164,1
DA:165,1
DA:168,0
DA:169,0
DA:171,3
DA:182,3
DA:183,3
DA:188,3
DA:190,3
DA:191,3
DA:192,3
DA:194,2
DA:199,2
DA:200,1
DA:201,1
DA:202,1
DA:203,1
DA:205,1
DA:209,1
DA:210,1
DA:213,1
DA:227,1
DA:228,1
DA:230,1
DA:231,1
DA:232,1
DA:234,1
DA:240,1
DA:241,1
DA:242,1
DA:247,1
DA:248,1
DA:251,0
DA:252,0
DA:254,3
DA:265,3
DA:266,3
DA:271,3
DA:273,3
DA:274,3
DA:276,3
DA:277,3
DA:279,2
DA:282,1
DA:286,2
DA:287,2
DA:289,2
DA:290,2
DA:291,2
DA:293,2
DA:295,1
DA:296,1
DA:297,1
DA:298,1
DA:303,1
DA:305,3
DA:316,4
DA:317,4
DA:322,4
DA:324,4
DA:325,4
DA:327,4
DA:328,1
DA:329,1
DA:330,1
DA:331,1
DA:333,1
DA:337,3
DA:342,2
DA:343,1
DA:344,1
DA:345,1
DA:346,1
DA:348,1
DA:352,1
DA:353,1
DA:356,1
DA:357,0
DA:358,0
DA:368,1
DA:369,1
DA:371,1
DA:372,1
DA:373,1
DA:375,1
DA:377,1
DA:378,1
DA:379,1
DA:380,1
DA:385,1
DA:387,4
LF:149
LH:138
BRDA:91,0,0,1
BRDA:160,1,0,1
BRDA:160,1,1,0
BRDA:163,2,0,1
BRDA:199,3,0,1
BRDA:199,4,0,2
BRDA:199,4,1,1
BRDA:244,5,0,1
BRDA:244,5,1,0
BRDA:247,6,0,1
BRDA:277,7,0,2
BRDA:300,8,0,1
BRDA:300,8,1,0
BRDA:327,9,0,1
BRDA:342,10,0,1
BRDA:342,11,0,2
BRDA:342,11,1,2
BRDA:382,12,0,1
BRDA:382,12,1,0
BRF:19
BRH:15
end_of_record
TN:
SF:src/lib/logger.ts
FN:30,(anonymous_1)
FNF:1
FNH:1
FNDA:1,(anonymous_1)
DA:6,1
DA:13,1
DA:30,1
DA:37,1
LF:4
LH:4
BRDA:22,0,0,0
BRDA:22,0,1,1
BRF:2
BRH:1
end_of_record
TN:
SF:src/lib/utils.ts
FN:14,(anonymous_0)
FN:15,(anonymous_1)
FNF:2
FNH:1
FNDA:2,(anonymous_0)
FNDA:0,(anonymous_1)
DA:7,1
DA:8,1
DA:13,1
DA:14,2
DA:15,0
DA:18,1
DA:24,1
LF:7
LH:6
BRF:0
BRH:0
end_of_record
TN:
SF:src/schemas/auth.schema.ts
FNF:0
FNH:0
DA:1,1
DA:8,1
DA:22,1
DA:31,1
LF:4
LH:4
BRF:0
BRH:0
end_of_record
